#
# A fatal error has been detected by the Java Runtime Environment:
#
#  EXCEPTION_ACCESS_VIOLATION (0xc0000005) at pc=0x000000005efdeb40, pid=3996, tid=5820
#
# JRE version: Java(TM) SE Runtime Environment (8.0_91-b15) (build 1.8.0_91-b15)
# Java VM: Java HotSpot(TM) 64-Bit Server VM (25.91-b15 mixed mode windows-amd64 compressed oops)
# Problematic frame:
# V  [jvm.dll+0xaeb40]
#
# Failed to write core dump. Minidumps are not enabled by default on client versions of Windows
#
# If you would like to submit a bug report, please visit:
#   http://bugreport.java.com/bugreport/crash.jsp
#

---------------  T H R E A D  ---------------

Current thread (0x0000000002382000):  GCTaskThread [stack: 0x0000000012410000,0x0000000012510000] [id=5820]

siginfo: ExceptionCode=0xc0000005, reading address 0x0000000000000008

Registers:
RAX=0x0000000000000000, RBX=0x00000000ffa7010d, RCX=0x00000000ffa7010d, RDX=0x0000000000000000
RSP=0x000000001250f608, RBP=0x0000000000000000, RSI=0x000000005509a7c0, RDI=0x0000497700005533
R8 =0x000000005509a7c0, R9 =0x00000000ffa7010d, R10=0x0000000000000002, R11=0x000000001250f720
R12=0x000000005f57d0b8, R13=0x000000003a000000, R14=0x0000000000000000, R15=0x00000000023823f0
RIP=0x000000005efdeb40, EFLAGS=0x0000000000010246

Top of Stack: (sp=0x000000001250f608)
0x000000001250f608:   000000005f32c702 00000000fd0f17f0
0x000000001250f618:   000000005509a7c0 000000005509a7c0
0x000000001250f628:   000007fefd0010ac 00000000f7de0000
0x000000001250f638:   000000005f32ce4b 00000000ca5a6658
0x000000001250f648:   0000000000000400 0000000000000000
0x000000001250f658:   000000000237cc01 000000005f57d0b8
0x000000001250f668:   000000005f32ca70 00000000c89bd52c
0x000000001250f678:   0000000000000000 000000005509a7c0
0x000000001250f688:   0000497700005533 00000000c89bd52c
0x000000001250f698:   000000005f32d445 000000000000000d
0x000000001250f6a8:   000000005f2fd1c3 00000000c89bd5e8
0x000000001250f6b8:   000000005f041d63 0000497700005533
0x000000001250f6c8:   00000000c89bd52d 00003bbe00004875
0x000000001250f6d8:   0000497700005533 0000000000000200
0x000000001250f6e8:   0000497600005533 000049df00000d82
0x000000001250f6f8:   00003bbf00004875 00000000023823e0 

Instructions: (pc=0x000000005efdeb40)
0x000000005efdeb20:   4c ab 1d 00 48 8b 9c 24 d0 00 00 00 48 81 c4 c0
0x000000005efdeb30:   00 00 00 5d c3 cc cc cc cc cc cc cc cc cc cc cc
0x000000005efdeb40:   44 8b 42 08 4c 8b ca 45 85 c0 7e 0e 41 f6 c0 01
0x000000005efdeb50:   75 57 41 c1 f8 03 41 8b c0 c3 79 4d 80 3d ce 50 


Register to memory mapping:

RAX=0x0000000000000000 is an unknown value
RBX=0x00000000ffa7010d is an unknown value
RCX=0x00000000ffa7010d is an unknown value
RDX=0x0000000000000000 is an unknown value
RSP=0x000000001250f608 is an unknown value
RBP=0x0000000000000000 is an unknown value
RSI=0x000000005509a7c0 is an unknown value
RDI=0x0000497700005533 is an unknown value
R8 =0x000000005509a7c0 is an unknown value
R9 =0x00000000ffa7010d is an unknown value
R10=0x0000000000000002 is an unknown value
R11=0x000000001250f720 is an unknown value
R12=0x000000005f57d0b8 is an unknown value
R13=0x000000003a000000 is an unknown value
R14=0x0000000000000000 is an unknown value
R15=0x00000000023823f0 is an unknown value


Stack: [0x0000000012410000,0x0000000012510000],  sp=0x000000001250f608,  free space=1021k
Native frames: (J=compiled Java code, j=interpreted, Vv=VM code, C=native code)


---------------  P R O C E S S  ---------------

Java Threads: ( => current thread )
  0x000000005775c800 JavaThread "Stdin handler" [_thread_blocked, id=4372, stack(0x000000005cfc0000,0x000000005d0c0000)]
  0x000000005775b800 JavaThread "Asynchronous log dispatcher for org.gradle.launcher.daemon.server.DefaultDaemonConnection@de168d9" [_thread_blocked, id=3680, stack(0x00000000621d0000,0x00000000622d0000)]
  0x0000000057757000 JavaThread "Cancel handler" [_thread_blocked, id=3832, stack(0x000000005c550000,0x000000005c650000)]
  0x0000000057756800 JavaThread "Handler for socket connection from /127.0.0.1:49872 to /127.0.0.1:50324" [_thread_in_native, id=2720, stack(0x0000000059990000,0x0000000059a90000)]
  0x000000005775b000 JavaThread "Daemon worker Thread 2" [_thread_blocked, id=2132, stack(0x0000000059500000,0x0000000059600000)]
  0x0000000057755800 JavaThread "Daemon Thread 2" [_thread_blocked, id=2664, stack(0x0000000059370000,0x0000000059470000)]
  0x0000000057755000 JavaThread "File lock request listener" [_thread_in_native, id=3364, stack(0x0000000059250000,0x0000000059350000)]
  0x0000000057c5a000 JavaThread "Incoming local TCP Connector on port 49872" [_thread_in_native, id=2332, stack(0x0000000058c70000,0x0000000058d70000)]
  0x0000000057cb1000 JavaThread "pool-1-thread-1" [_thread_blocked, id=836, stack(0x0000000058d80000,0x0000000058e80000)]
  0x000000005649a000 JavaThread "Service Thread" daemon [_thread_blocked, id=5468, stack(0x0000000056800000,0x0000000056900000)]
  0x000000005642c800 JavaThread "C1 CompilerThread2" daemon [_thread_blocked, id=5540, stack(0x0000000056d30000,0x0000000056e30000)]
  0x0000000056428000 JavaThread "C2 CompilerThread1" daemon [_thread_blocked, id=5624, stack(0x0000000056e50000,0x0000000056f50000)]
  0x000000005640b000 JavaThread "C2 CompilerThread0" daemon [_thread_blocked, id=4248, stack(0x0000000056c20000,0x0000000056d20000)]
  0x0000000055100800 JavaThread "Attach Listener" daemon [_thread_blocked, id=5444, stack(0x0000000056a60000,0x0000000056b60000)]
  0x000000005510f800 JavaThread "Signal Dispatcher" daemon [_thread_blocked, id=5800, stack(0x0000000056950000,0x0000000056a50000)]
  0x00000000550ed800 JavaThread "Finalizer" daemon [_thread_blocked, id=5376, stack(0x0000000056300000,0x0000000056400000)]
  0x00000000550a4000 JavaThread "Reference Handler" daemon [_thread_blocked, id=5512, stack(0x0000000056140000,0x0000000056240000)]
  0x000000000245f800 JavaThread "main" [_thread_blocked, id=2392, stack(0x0000000002620000,0x0000000002720000)]

Other Threads:
  0x000000005509c800 VMThread [stack: 0x0000000056010000,0x0000000056110000] [id=5832]
  0x00000000564ad800 WatcherThread [stack: 0x0000000057140000,0x0000000057240000] [id=4400]

=>0x0000000002382000 (exited) GCTaskThread [stack: 0x0000000012410000,0x0000000012510000] [id=5820]

VM state:at safepoint (normal execution)

VM Mutex/Monitor currently owned by a thread:  ([mutex/lock_event])
[0x000000000245d140] Threads_lock - owner thread: 0x000000005509c800
[0x000000000245d640] Heap_lock - owner thread: 0x000000005775b000

Heap:
 PSYoungGen      total 270336K, used 268960K [0x00000000eab00000, 0x0000000100000000, 0x0000000100000000)
  eden space 211968K, 100% used [0x00000000eab00000,0x00000000f7a00000,0x00000000f7a00000)
  from space 58368K, 97% used [0x00000000fc700000,0x00000000ffea8000,0x0000000100000000)
  to   space 68608K, 5% used [0x00000000f7a00000,0x00000000f7de8000,0x00000000fbd00000)
 ParOldGen       total 276480K, used 169633K [0x00000000c0000000, 0x00000000d0e00000, 0x00000000eab00000)
  object space 276480K, 61% used [0x00000000c0000000,0x00000000ca5a8658,0x00000000d0e00000)
 Metaspace       used 70980K, capacity 74490K, committed 74624K, reserved 1114112K
  class space    used 9359K, capacity 10102K, committed 10112K, reserved 1048576K

Card table byte_map: [0x0000000011ae0000,0x0000000011cf0000] byte_map_base: 0x00000000114e0000

Marking Bits: (ParMarkBitMap*) 0x000000005f742f70
 Begin Bits: [0x0000000012510000, 0x0000000013510000)
 End Bits:   [0x0000000013510000, 0x0000000014510000)

Polling page: 0x0000000000230000

CodeCache: size=245760Kb used=48324Kb max_used=48341Kb free=197435Kb
 bounds [0x0000000002720000, 0x00000000056a0000, 0x0000000011720000]
 total_blobs=14111 nmethods=13334 adapters=687
 compilation: enabled

Compilation events (10 events):
Event: 678.351 Thread 0x0000000056428000 16200 %     4       proguard.classfile.ProgramClass::methodsAccept @ 2 (28 bytes)
Event: 678.354 Thread 0x0000000056428000 nmethod 16200% 0x0000000005654b50 code [0x0000000005654ca0, 0x0000000005654e98]
Event: 678.359 Thread 0x000000005640b000 nmethod 16201 0x000000000567d5d0 code [0x000000000567d780, 0x000000000567dd00]
Event: 678.387 Thread 0x0000000056428000 16202       4       proguard.classfile.util.ClassUtil::externalMethodAccessFlags (300 bytes)
Event: 678.387 Thread 0x0000000056428000 nmethod 16202 0x0000000004f49f50 code [0x0000000004f4a080, 0x0000000004f4a0d8]
Event: 678.394 Thread 0x000000005640b000 16203 %     4       proguard.classfile.util.InternalTypeEnumeration::skipClass @ 0 (59 bytes)
Event: 678.396 Thread 0x0000000056428000 16204       4       proguard.classfile.util.ClassUtil::externalMethodReturnTypeAndName (46 bytes)
Event: 678.396 Thread 0x000000005640b000 nmethod 16203% 0x00000000056546d0 code [0x0000000005654820, 0x0000000005654988]
Event: 678.435 Thread 0x000000005640b000 16205       4       proguard.classfile.util.ClassUtil::externalMethodArguments (58 bytes)
Event: 678.442 Thread 0x0000000056428000 nmethod 16204 0x000000000568f4d0 code [0x000000000568f6e0, 0x0000000005690fc8]

GC Heap History (10 events):
Event: 667.820 GC heap after
Heap after GC invocations=37 (full 6):
 PSYoungGen      total 286720K, used 5600K [0x00000000eab00000, 0x0000000100000000, 0x0000000100000000)
  eden space 229888K, 0% used [0x00000000eab00000,0x00000000eab00000,0x00000000f8b80000)
  from space 56832K, 9% used [0x00000000f8b80000,0x00000000f90f8000,0x00000000fc300000)
  to   space 55808K, 0% used [0x00000000fc980000,0x00000000fc980000,0x0000000100000000)
 ParOldGen       total 276480K, used 170681K [0x00000000c0000000, 0x00000000d0e00000, 0x00000000eab00000)
  object space 276480K, 61% used [0x00000000c0000000,0x00000000ca6ae750,0x00000000d0e00000)
 Metaspace       used 70327K, capacity 73582K, committed 73728K, reserved 1114112K
  class space    used 9293K, capacity 9984K, committed 9984K, reserved 1048576K
}
Event: 668.194 GC heap before
{Heap before GC invocations=38 (full 6):
 PSYoungGen      total 286720K, used 212376K [0x00000000eab00000, 0x0000000100000000, 0x0000000100000000)
  eden space 229888K, 89% used [0x00000000eab00000,0x00000000f74ee3d8,0x00000000f8b80000)
  from space 56832K, 9% used [0x00000000f8b80000,0x00000000f90f8000,0x00000000fc300000)
  to   space 55808K, 0% used [0x00000000fc980000,0x00000000fc980000,0x0000000100000000)
 ParOldGen       total 276480K, used 170681K [0x00000000c0000000, 0x00000000d0e00000, 0x00000000eab00000)
  object space 276480K, 61% used [0x00000000c0000000,0x00000000ca6ae750,0x00000000d0e00000)
 Metaspace       used 70384K, capacity 73606K, committed 73856K, reserved 1114112K
  class space    used 9303K, capacity 9988K, committed 10112K, reserved 1048576K
Event: 668.221 GC heap after
Heap after GC invocations=38 (full 6):
 PSYoungGen      total 294400K, used 6560K [0x00000000eab00000, 0x00000000fff80000, 0x0000000100000000)
  eden space 239104K, 0% used [0x00000000eab00000,0x00000000eab00000,0x00000000f9480000)
  from space 55296K, 11% used [0x00000000fc980000,0x00000000fcfe8000,0x00000000fff80000)
  to   space 54272K, 0% used [0x00000000f9480000,0x00000000f9480000,0x00000000fc980000)
 ParOldGen       total 276480K, used 176289K [0x00000000c0000000, 0x00000000d0e00000, 0x00000000eab00000)
  object space 276480K, 63% used [0x00000000c0000000,0x00000000cac28750,0x00000000d0e00000)
 Metaspace       used 70384K, capacity 73606K, committed 73856K, reserved 1114112K
  class space    used 9303K, capacity 9988K, committed 10112K, reserved 1048576K
}
Event: 668.221 GC heap before
{Heap before GC invocations=39 (full 7):
 PSYoungGen      total 294400K, used 6560K [0x00000000eab00000, 0x00000000fff80000, 0x0000000100000000)
  eden space 239104K, 0% used [0x00000000eab00000,0x00000000eab00000,0x00000000f9480000)
  from space 55296K, 11% used [0x00000000fc980000,0x00000000fcfe8000,0x00000000fff80000)
  to   space 54272K, 0% used [0x00000000f9480000,0x00000000f9480000,0x00000000fc980000)
 ParOldGen       total 276480K, used 176289K [0x00000000c0000000, 0x00000000d0e00000, 0x00000000eab00000)
  object space 276480K, 63% used [0x00000000c0000000,0x00000000cac28750,0x00000000d0e00000)
 Metaspace       used 70384K, capacity 73606K, committed 73856K, reserved 1114112K
  class space    used 9303K, capacity 9988K, committed 10112K, reserved 1048576K
Event: 668.624 GC heap after
Heap after GC invocations=39 (full 7):
 PSYoungGen      total 294400K, used 0K [0x00000000eab00000, 0x00000000fff80000, 0x0000000100000000)
  eden space 239104K, 0% used [0x00000000eab00000,0x00000000eab00000,0x00000000f9480000)
  from space 55296K, 0% used [0x00000000fc980000,0x00000000fc980000,0x00000000fff80000)
  to   space 54272K, 0% used [0x00000000f9480000,0x00000000f9480000,0x00000000fc980000)
 ParOldGen       total 276480K, used 78719K [0x00000000c0000000, 0x00000000d0e00000, 0x00000000eab00000)
  object space 276480K, 28% used [0x00000000c0000000,0x00000000c4cdfdf0,0x00000000d0e00000)
 Metaspace       used 70384K, capacity 73606K, committed 73856K, reserved 1114112K
  class space    used 9303K, capacity 9988K, committed 10112K, reserved 1048576K
}
Event: 677.640 GC heap before
{Heap before GC invocations=40 (full 7):
 PSYoungGen      total 294400K, used 239104K [0x00000000eab00000, 0x00000000fff80000, 0x0000000100000000)
  eden space 239104K, 100% used [0x00000000eab00000,0x00000000f9480000,0x00000000f9480000)
  from space 55296K, 0% used [0x00000000fc980000,0x00000000fc980000,0x00000000fff80000)
  to   space 54272K, 0% used [0x00000000f9480000,0x00000000f9480000,0x00000000fc980000)
 ParOldGen       total 276480K, used 78719K [0x00000000c0000000, 0x00000000d0e00000, 0x00000000eab00000)
  object space 276480K, 28% used [0x00000000c0000000,0x00000000c4cdfdf0,0x00000000d0e00000)
 Metaspace       used 70972K, capacity 74490K, committed 74624K, reserved 1114112K
  class space    used 9359K, capacity 10102K, committed 10112K, reserved 1048576K
Event: 677.685 GC heap after
Heap after GC invocations=40 (full 7):
 PSYoungGen      total 278528K, used 39306K [0x00000000eab00000, 0x0000000100000000, 0x0000000100000000)
  eden space 239104K, 0% used [0x00000000eab00000,0x00000000eab00000,0x00000000f9480000)
  from space 39424K, 99% used [0x00000000f9480000,0x00000000fbae2bd8,0x00000000fbb00000)
  to   space 58368K, 0% used [0x00000000fc700000,0x00000000fc700000,0x0000000100000000)
 ParOldGen       total 276480K, used 78727K [0x00000000c0000000, 0x00000000d0e00000, 0x00000000eab00000)
  object space 276480K, 28% used [0x00000000c0000000,0x00000000c4ce1df0,0x00000000d0e00000)
 Metaspace       used 70972K, capacity 74490K, committed 74624K, reserved 1114112K
  class space    used 9359K, capacity 10102K, committed 10112K, reserved 1048576K
}
Event: 678.222 GC heap before
{Heap before GC invocations=41 (full 7):
 PSYoungGen      total 278528K, used 278410K [0x00000000eab00000, 0x0000000100000000, 0x0000000100000000)
  eden space 239104K, 100% used [0x00000000eab00000,0x00000000f9480000,0x00000000f9480000)
  from space 39424K, 99% used [0x00000000f9480000,0x00000000fbae2bd8,0x00000000fbb00000)
  to   space 58368K, 0% used [0x00000000fc700000,0x00000000fc700000,0x0000000100000000)
 ParOldGen       total 276480K, used 78727K [0x00000000c0000000, 0x00000000d0e00000, 0x00000000eab00000)
  object space 276480K, 28% used [0x00000000c0000000,0x00000000c4ce1df0,0x00000000d0e00000)
 Metaspace       used 70980K, capacity 74490K, committed 74624K, reserved 1114112K
  class space    used 9359K, capacity 10102K, committed 10112K, reserved 1048576K
Event: 678.327 GC heap after
Heap after GC invocations=41 (full 7):
 PSYoungGen      total 270336K, used 56992K [0x00000000eab00000, 0x0000000100000000, 0x0000000100000000)
  eden space 211968K, 0% used [0x00000000eab00000,0x00000000eab00000,0x00000000f7a00000)
  from space 58368K, 97% used [0x00000000fc700000,0x00000000ffea8000,0x0000000100000000)
  to   space 68608K, 0% used [0x00000000f7a00000,0x00000000f7a00000,0x00000000fbd00000)
 ParOldGen       total 276480K, used 115132K [0x00000000c0000000, 0x00000000d0e00000, 0x00000000eab00000)
  object space 276480K, 41% used [0x00000000c0000000,0x00000000c706f058,0x00000000d0e00000)
 Metaspace       used 70980K, capacity 74490K, committed 74624K, reserved 1114112K
  class space    used 9359K, capacity 10102K, committed 10112K, reserved 1048576K
}
Event: 678.444 GC heap before
{Heap before GC invocations=42 (full 7):
 PSYoungGen      total 270336K, used 268960K [0x00000000eab00000, 0x0000000100000000, 0x0000000100000000)
  eden space 211968K, 100% used [0x00000000eab00000,0x00000000f7a00000,0x00000000f7a00000)
  from space 58368K, 97% used [0x00000000fc700000,0x00000000ffea8000,0x0000000100000000)
  to   space 68608K, 0% used [0x00000000f7a00000,0x00000000f7a00000,0x00000000fbd00000)
 ParOldGen       total 276480K, used 115132K [0x00000000c0000000, 0x00000000d0e00000, 0x00000000eab00000)
  object space 276480K, 41% used [0x00000000c0000000,0x00000000c706f058,0x00000000d0e00000)
 Metaspace       used 70980K, capacity 74490K, committed 74624K, reserved 1114112K
  class space    used 9359K, capacity 10102K, committed 10112K, reserved 1048576K

Deoptimization events (10 events):
Event: 668.150 Thread 0x000000005775b000 Uncommon trap: reason=unstable_if action=reinterpret pc=0x0000000003eae838 method=java.io.ObjectOutputStream$BlockDataOutputStream.writeBytes(Ljava/lang/String;)V @ 22
Event: 668.151 Thread 0x000000005775b000 Uncommon trap: reason=unstable_if action=reinterpret pc=0x00000000040149a0 method=java.io.ObjectOutputStream$BlockDataOutputStream.writeBytes(Ljava/lang/String;)V @ 22
Event: 668.155 Thread 0x000000005775b000 Uncommon trap: reason=unstable_if action=reinterpret pc=0x0000000003fd906c method=java.io.ObjectOutputStream$BlockDataOutputStream.writeBytes(Ljava/lang/String;)V @ 22
Event: 668.163 Thread 0x000000005775b000 Uncommon trap: reason=bimorphic action=maybe_recompile pc=0x000000000355b38c method=org.gradle.internal.logging.text.AbstractStyledTextOutput.text(Ljava/lang/Object;)Lorg/gradle/internal/logging/text/StyledTextOutput; @ 11
Event: 668.180 Thread 0x000000005775b000 Uncommon trap: reason=bimorphic action=maybe_recompile pc=0x000000000481d48c method=java.util.HashMap.removeNode(ILjava/lang/Object;Ljava/lang/Object;ZZ)Ljava/util/HashMap$Node; @ 143
Event: 677.998 Thread 0x000000005775b000 Uncommon trap: reason=class_check action=maybe_recompile pc=0x000000000564f340 method=proguard.classfile.LibraryClass.accept(Lproguard/classfile/visitor/ClassVisitor;)V @ 2
Event: 677.999 Thread 0x000000005775b000 Uncommon trap: reason=class_check action=maybe_recompile pc=0x000000000564f340 method=proguard.classfile.LibraryClass.accept(Lproguard/classfile/visitor/ClassVisitor;)V @ 2
Event: 677.999 Thread 0x000000005775b000 Uncommon trap: reason=class_check action=maybe_recompile pc=0x000000000564f340 method=proguard.classfile.LibraryClass.accept(Lproguard/classfile/visitor/ClassVisitor;)V @ 2
Event: 677.999 Thread 0x000000005775b000 Uncommon trap: reason=class_check action=maybe_recompile pc=0x000000000564f340 method=proguard.classfile.LibraryClass.accept(Lproguard/classfile/visitor/ClassVisitor;)V @ 2
Event: 678.057 Thread 0x000000005775b000 Uncommon trap: reason=unstable_if action=reinterpret pc=0x00000000051c84c8 method=proguard.GetSignatureChecker.visitMethodrefConstant(Lproguard/classfile/Clazz;Lproguard/classfile/constant/MethodrefConstant;)V @ 57

Internal exceptions (10 events):
Event: 675.582 Thread 0x000000005775b000 Exception <a 'sun/nio/fs/WindowsException'> (0x00000000efe48f80) thrown at [C:\re\workspace\8-2-build-windows-amd64-cygwin\jdk8u91\7017\hotspot\src\share\vm\prims\jni.cpp, line 709]
Event: 675.582 Thread 0x000000005775b000 Exception <a 'sun/nio/fs/WindowsException'> (0x00000000efe49ce8) thrown at [C:\re\workspace\8-2-build-windows-amd64-cygwin\jdk8u91\7017\hotspot\src\share\vm\prims\jni.cpp, line 709]
Event: 675.582 Thread 0x000000005775b000 Exception <a 'sun/nio/fs/WindowsException'> (0x00000000efe4ca38) thrown at [C:\re\workspace\8-2-build-windows-amd64-cygwin\jdk8u91\7017\hotspot\src\share\vm\prims\jni.cpp, line 709]
Event: 675.583 Thread 0x000000005775b000 Exception <a 'sun/nio/fs/WindowsException'> (0x00000000efe4d798) thrown at [C:\re\workspace\8-2-build-windows-amd64-cygwin\jdk8u91\7017\hotspot\src\share\vm\prims\jni.cpp, line 709]
Event: 675.583 Thread 0x000000005775b000 Exception <a 'sun/nio/fs/WindowsException'> (0x00000000efe4f540) thrown at [C:\re\workspace\8-2-build-windows-amd64-cygwin\jdk8u91\7017\hotspot\src\share\vm\prims\jni.cpp, line 709]
Event: 675.583 Thread 0x000000005775b000 Exception <a 'sun/nio/fs/WindowsException'> (0x00000000efe502d8) thrown at [C:\re\workspace\8-2-build-windows-amd64-cygwin\jdk8u91\7017\hotspot\src\share\vm\prims\jni.cpp, line 709]
Event: 675.584 Thread 0x000000005775b000 Exception <a 'sun/nio/fs/WindowsException'> (0x00000000efe530c0) thrown at [C:\re\workspace\8-2-build-windows-amd64-cygwin\jdk8u91\7017\hotspot\src\share\vm\prims\jni.cpp, line 709]
Event: 675.584 Thread 0x000000005775b000 Exception <a 'sun/nio/fs/WindowsException'> (0x00000000efe53e48) thrown at [C:\re\workspace\8-2-build-windows-amd64-cygwin\jdk8u91\7017\hotspot\src\share\vm\prims\jni.cpp, line 709]
Event: 675.584 Thread 0x000000005775b000 Exception <a 'sun/nio/fs/WindowsException'> (0x00000000efe55c18) thrown at [C:\re\workspace\8-2-build-windows-amd64-cygwin\jdk8u91\7017\hotspot\src\share\vm\prims\jni.cpp, line 709]
Event: 675.584 Thread 0x000000005775b000 Exception <a 'sun/nio/fs/WindowsException'> (0x00000000efe569d8) thrown at [C:\re\workspace\8-2-build-windows-amd64-cygwin\jdk8u91\7017\hotspot\src\share\vm\prims\jni.cpp, line 709]

Events (10 events):
Event: 678.156 Thread 0x000000005775b000 DEOPT UNPACKING pc=0x000000000276787f sp=0x00000000595fbb98 mode 0
Event: 678.159 Thread 0x000000005775b000 DEOPT PACKING pc=0x0000000005673687 sp=0x00000000595fbdf0
Event: 678.159 Thread 0x000000005775b000 DEOPT UNPACKING pc=0x000000000276787f sp=0x00000000595fbb98 mode 0
Event: 678.161 Thread 0x000000005775b000 DEOPT PACKING pc=0x0000000005673687 sp=0x00000000595fbdf0
Event: 678.161 Thread 0x000000005775b000 DEOPT UNPACKING pc=0x000000000276787f sp=0x00000000595fbb98 mode 0
Event: 678.165 Thread 0x000000005775b000 DEOPT PACKING pc=0x0000000005673687 sp=0x00000000595fbdf0
Event: 678.165 Thread 0x000000005775b000 DEOPT UNPACKING pc=0x000000000276787f sp=0x00000000595fbb98 mode 0
Event: 678.222 Executing VM operation: ParallelGCFailedAllocation
Event: 678.327 Executing VM operation: ParallelGCFailedAllocation done
Event: 678.444 Executing VM operation: ParallelGCFailedAllocation


Dynamic libraries:
0x000000013fef0000 - 0x000000013ff27000 	D:\JDK\Java\jdk1.8.0_91\bin\java.exe
0x00000000770a0000 - 0x000000007724a000 	C:\Windows\SYSTEM32\ntdll.dll
0x0000000076e80000 - 0x0000000076f9f000 	C:\Windows\system32\kernel32.dll
0x000007fefd000000 - 0x000007fefd06a000 	C:\Windows\system32\KERNELBASE.dll
0x000007fefd910000 - 0x000007fefd9eb000 	C:\Windows\system32\ADVAPI32.dll
0x000007fefef70000 - 0x000007feff00f000 	C:\Windows\system32\msvcrt.dll
0x000007fefd1c0000 - 0x000007fefd1df000 	C:\Windows\SYSTEM32\sechost.dll
0x000007fefe890000 - 0x000007fefe9bd000 	C:\Windows\system32\RPCRT4.dll
0x0000000076fa0000 - 0x000000007709a000 	C:\Windows\system32\USER32.dll
0x000007fefd8a0000 - 0x000007fefd907000 	C:\Windows\system32\GDI32.dll
0x000007fefd1e0000 - 0x000007fefd1ee000 	C:\Windows\system32\LPK.dll
0x000007feff010000 - 0x000007feff0da000 	C:\Windows\system32\USP10.dll
0x000007fefb7e0000 - 0x000007fefb9d4000 	C:\Windows\WinSxS\amd64_microsoft.windows.common-controls_6595b64144ccf1df_6.0.7601.18837_none_fa3b1e3d17594757\COMCTL32.dll
0x000007fefd140000 - 0x000007fefd1b1000 	C:\Windows\system32\SHLWAPI.dll
0x000007fefea40000 - 0x000007fefea6e000 	C:\Windows\system32\IMM32.DLL
0x000007fefe780000 - 0x000007fefe889000 	C:\Windows\system32\MSCTF.dll
0x0000000068850000 - 0x0000000068922000 	D:\JDK\Java\jdk1.8.0_91\jre\bin\msvcr100.dll
0x000000005ef30000 - 0x000000005f7c3000 	D:\JDK\Java\jdk1.8.0_91\jre\bin\server\jvm.dll
0x000007fef1b00000 - 0x000007fef1b09000 	C:\Windows\system32\WSOCK32.dll
0x000007feff350000 - 0x000007feff39d000 	C:\Windows\system32\WS2_32.dll
0x000007feff3a0000 - 0x000007feff3a8000 	C:\Windows\system32\NSI.dll
0x000007fef9790000 - 0x000007fef97cb000 	C:\Windows\system32\WINMM.dll
0x000007fefbe70000 - 0x000007fefbe7c000 	C:\Windows\system32\VERSION.dll
0x0000000077270000 - 0x0000000077277000 	C:\Windows\system32\PSAPI.DLL
0x000000006e9b0000 - 0x000000006e9bf000 	D:\JDK\Java\jdk1.8.0_91\jre\bin\verify.dll
0x000000006e980000 - 0x000000006e9a9000 	D:\JDK\Java\jdk1.8.0_91\jre\bin\java.dll
0x000000006e960000 - 0x000000006e976000 	D:\JDK\Java\jdk1.8.0_91\jre\bin\zip.dll
0x000007fefd9f0000 - 0x000007fefe779000 	C:\Windows\system32\SHELL32.dll
0x000007fefed40000 - 0x000007fefef43000 	C:\Windows\system32\ole32.dll
0x000007fefcd80000 - 0x000007fefcd8f000 	C:\Windows\system32\profapi.dll
0x000000006ea60000 - 0x000000006ea7a000 	D:\JDK\Java\jdk1.8.0_91\jre\bin\net.dll
0x000007fefc520000 - 0x000007fefc575000 	C:\Windows\system32\mswsock.dll
0x000007fefc510000 - 0x000007fefc517000 	C:\Windows\System32\wship6.dll
0x000000006e480000 - 0x000000006e491000 	D:\JDK\Java\jdk1.8.0_91\jre\bin\nio.dll
0x000007fef4780000 - 0x000007fef4792000 	C:\Users\Administrator\.gradle\native\19\windows-amd64\native-platform.dll
0x000007fefc580000 - 0x000007fefc598000 	C:\Windows\system32\CRYPTSP.dll
0x000007fefc280000 - 0x000007fefc2c7000 	C:\Windows\system32\rsaenh.dll
0x000007fefcf50000 - 0x000007fefcf6e000 	C:\Windows\system32\USERENV.dll
0x000007fefcbe0000 - 0x000007fefcbef000 	C:\Windows\system32\CRYPTBASE.dll
0x000007fefa830000 - 0x000007fefa857000 	C:\Windows\system32\IPHLPAPI.DLL
0x000007fefa820000 - 0x000007fefa82b000 	C:\Windows\system32\WINNSI.DLL
0x000007fefa750000 - 0x000007fefa761000 	C:\Windows\system32\dhcpcsvc6.DLL
0x000007fefa700000 - 0x000007fefa718000 	C:\Windows\system32\dhcpcsvc.DLL
0x000000006e150000 - 0x000000006e15d000 	D:\JDK\Java\jdk1.8.0_91\jre\bin\management.dll
0x000007fefcb80000 - 0x000007fefcbd7000 	C:\Windows\system32\apphelp.dll
0x000000006de20000 - 0x000000006de44000 	D:\JDK\Java\jdk1.8.0_91\jre\bin\sunec.dll
0x000007fefbf40000 - 0x000007fefbf47000 	C:\Windows\System32\wshtcpip.dll
0x000007fefc3a0000 - 0x000007fefc3fb000 	C:\Windows\system32\DNSAPI.dll
0x000007fef96d0000 - 0x000007fef96d8000 	C:\Windows\system32\rasadhlp.dll
0x000007fefa6a0000 - 0x000007fefa6f3000 	C:\Windows\System32\fwpuclnt.dll
0x000007fefa9c0000 - 0x000007fefa9d5000 	C:\Windows\system32\NLAapi.dll
0x000007fef7bb0000 - 0x000007fef7bc5000 	C:\Windows\system32\napinsp.dll
0x000007fef7b90000 - 0x000007fef7ba9000 	C:\Windows\system32\pnrpnsp.dll
0x000007fef7b80000 - 0x000007fef7b8b000 	C:\Windows\System32\winrnr.dll
0x000007fef2470000 - 0x000007fef2595000 	C:\Windows\system32\dbghelp.dll

VM Arguments:
jvm_args: -XX:MaxPermSize=256m -XX:+HeapDumpOnOutOfMemoryError -Xmx1024m -Dfile.encoding=GBK -Duser.country=CN -Duser.language=zh -Duser.variant 
java_command: org.gradle.launcher.daemon.bootstrap.GradleDaemon 2.14.1
java_class_path (initial): C:\Users\Administrator\.gradle\wrapper\dists\gradle-2.14.1-all\8bnwg5hd3w55iofp58khbp6yv\gradle-2.14.1\lib\gradle-launcher-2.14.1.jar
Launcher Type: SUN_STANDARD

Environment Variables:
JAVA_HOME=D:\JDK\Java\jdk1.8.0_91
CLASSPATH=.;D:\JDK\Java\jdk1.8.0_91\lib;D:\JDK\Java\jdk1.8.0_91\lib\tools.jar
PATH=D:\JDK\Java\jdk1.8.0_91\bin;C:\ProgramData\Oracle\Java\javapath;C:\Windows\system32;C:\Windows;C:\Windows\System32\Wbem;C:\Windows\System32\WindowsPowerShell\v1.0\;C:\Users\Administrator\AppData\Local\Android\Sdk\platform-tools;D:\Android Studio\android-studio\gradle\gradle-2.14.1\bin;C:\Program Files\Git\cmd;C:\Program Files\TortoiseGit\bin;D:\JDK\Java\jdk1.8.0_91\bin;D:\JDK\Java\jdk1.8.0_91\jre\bin;
USERNAME=Administrator
OS=Windows_NT
PROCESSOR_IDENTIFIER=Intel64 Family 6 Model 42 Stepping 7, GenuineIntel



---------------  S Y S T E M  ---------------

OS: Windows 7 , 64 bit Build 7601 (6.1.7601.23539)

CPU:total 4 (2 cores per cpu, 2 threads per core) family 6 model 42 stepping 7, cmov, cx8, fxsr, mmx, sse, sse2, sse3, ssse3, sse4.1, sse4.2, popcnt, avx, clmul, ht, tsc, tscinvbit

Memory: 4k page, physical 8298812k(4586140k free), swap 16595764k(12870836k free)

vm_info: Java HotSpot(TM) 64-Bit Server VM (25.91-b15) for windows-amd64 JRE (1.8.0_91-b15), built on May 20 2016 17:43:15 by "java_re" with MS VC++ 10.0 (VS2010)

time: Mon May 22 08:53:56 2017
elapsed time: 678 seconds (0d 0h 11m 18s)

